c:\users\3much5u\desktop\xbox\grand theft auto\ps3\gtav_native_invoker-master\gtav_native_invoker-master\ps3_debug\cellprx_gtamenu_stub.a
c:\users\3much5u\desktop\xbox\grand theft auto\ps3\gtav_native_invoker-master\gtav_native_invoker-master\ps3_debug\gtamenu.sprx
c:\users\3much5u\appdata\local\temp\ps3ppuld44882\lib.ent.o
c:\users\3much5u\appdata\local\temp\ps3ppuld60922\lib.ent.o
c:\users\3much5u\appdata\local\temp\ps3ppuld45322\lib.ent.o
c:\users\3much5u\appdata\local\temp\ps3ppuld100202\lib.ent.o
c:\users\3much5u\appdata\local\temp\ps3ppuld11842\lib.ent.o
c:\users\3much5u\appdata\local\temp\ps3ppuld121602\lib.ent.o
c:\users\3much5u\appdata\local\temp\ps3ppuld116402\lib.ent.o
c:\users\3much5u\appdata\local\temp\ps3ppuld116162\lib.ent.o
c:\users\3much5u\appdata\local\temp\ps3ppuld89522\lib.ent.o
c:\users\3much5u\appdata\local\temp\ps3ppuld126722\lib.ent.o
c:\users\3much5u\appdata\local\temp\ps3ppuld142002\lib.ent.o
c:\users\3much5u\appdata\local\temp\ps3ppuld100802\lib.ent.o
c:\users\3much5u\appdata\local\temp\ps3ppuld185122\lib.ent.o
c:\users\3much5u\appdata\local\temp\ps3ppuld192002\lib.ent.o
c:\users\3much5u\appdata\local\temp\ps3ppuld181362\lib.ent.o
c:\users\3much5u\appdata\local\temp\ps3ppuld149322\lib.ent.o
c:\users\3much5u\appdata\local\temp\ps3ppuld184962\lib.ent.o
c:\users\3much5u\appdata\local\temp\ps3ppuld188802\lib.ent.o
c:\users\3much5u\appdata\local\temp\ps3ppuld171562\lib.ent.o
c:\users\3much5u\appdata\local\temp\ps3ppuld189362\lib.ent.o
c:\users\3much5u\appdata\local\temp\ps3ppuld212042\lib.ent.o
c:\users\3much5u\appdata\local\temp\ps3ppuld211082\lib.ent.o
c:\users\3much5u\appdata\local\temp\ps3ppuld180282\lib.ent.o
c:\users\3much5u\appdata\local\temp\ps3ppuld186882\lib.ent.o
c:\users\3much5u\appdata\local\temp\ps3ppuld203122\lib.ent.o
c:\users\3much5u\appdata\local\temp\ps3ppuld246442\lib.ent.o
c:\users\3much5u\appdata\local\temp\ps3ppuld246882\lib.ent.o
c:\users\3much5u\appdata\local\temp\ps3ppuld299522\lib.ent.o
c:\users\3much5u\appdata\local\temp\ps3ppuld294402\lib.ent.o
c:\users\3much5u\appdata\local\temp\ps3ppuld307322\lib.ent.o
c:\users\3much5u\appdata\local\temp\ps3ppuld309322\lib.ent.o
c:\users\3much5u\appdata\local\temp\ps3ppuld294682\lib.ent.o
c:\users\3much5u\appdata\local\temp\ps3ppuld317962\lib.ent.o
c:\users\3much5u\appdata\local\temp\ps3ppuld324242\lib.ent.o
c:\users\3much5u\appdata\local\temp\ps3ppuld254362\lib.ent.o
c:\users\3much5u\appdata\local\temp\ps3ppuld297242\lib.ent.o
c:\users\3much5u\appdata\local\temp\ps3ppuld329082\lib.ent.o
c:\users\3much5u\appdata\local\temp\ps3ppuld335962\lib.ent.o
c:\users\3much5u\appdata\local\temp\ps3ppuld342122\lib.ent.o
c:\users\3much5u\appdata\local\temp\ps3ppuld321042\lib.ent.o
c:\users\3much5u\appdata\local\temp\ps3ppuld307362\lib.ent.o
c:\users\3much5u\appdata\local\temp\ps3ppuld329002\lib.ent.o
c:\users\3much5u\appdata\local\temp\ps3ppuld351362\lib.ent.o
c:\users\3much5u\appdata\local\temp\ps3ppuld358162\lib.ent.o
c:\users\3much5u\appdata\local\temp\ps3ppuld340802\lib.ent.o
c:\users\3much5u\appdata\local\temp\ps3ppuld44882\gta
c:\users\3much5u\appdata\local\temp\ps3ppuld60922\gta
c:\users\3much5u\appdata\local\temp\ps3ppuld45322\gta
c:\users\3much5u\appdata\local\temp\ps3ppuld100202\gta
c:\users\3much5u\appdata\local\temp\ps3ppuld11842\gta
c:\users\3much5u\appdata\local\temp\ps3ppuld121602\gta
c:\users\3much5u\appdata\local\temp\ps3ppuld116402\gta
c:\users\3much5u\appdata\local\temp\ps3ppuld116162\gta
c:\users\3much5u\appdata\local\temp\ps3ppuld89522\gta
c:\users\3much5u\appdata\local\temp\ps3ppuld126722\gta
c:\users\3much5u\appdata\local\temp\ps3ppuld142002\gta
c:\users\3much5u\appdata\local\temp\ps3ppuld100802\gta
c:\users\3much5u\appdata\local\temp\ps3ppuld185122\gta
c:\users\3much5u\appdata\local\temp\ps3ppuld192002\gta
c:\users\3much5u\appdata\local\temp\ps3ppuld181362\gta
c:\users\3much5u\appdata\local\temp\ps3ppuld149322\gta
c:\users\3much5u\appdata\local\temp\ps3ppuld184962\gta
c:\users\3much5u\appdata\local\temp\ps3ppuld188802\gta
c:\users\3much5u\appdata\local\temp\ps3ppuld171562\gta
c:\users\3much5u\appdata\local\temp\ps3ppuld189362\gtamenu
c:\users\3much5u\appdata\local\temp\ps3ppuld212042\gtamenu
c:\users\3much5u\appdata\local\temp\ps3ppuld180282\gtamenu
c:\users\3much5u\appdata\local\temp\ps3ppuld186882\gtamenu
c:\users\3much5u\appdata\local\temp\ps3ppuld203122\gtamenu
c:\users\3much5u\appdata\local\temp\ps3ppuld246442\gtamenu
c:\users\3much5u\appdata\local\temp\ps3ppuld246882\gtamenu
c:\users\3much5u\appdata\local\temp\ps3ppuld299522\gtamenu
c:\users\3much5u\appdata\local\temp\ps3ppuld294402\gtamenu
c:\users\3much5u\appdata\local\temp\ps3ppuld307322\gtamenu
c:\users\3much5u\appdata\local\temp\ps3ppuld309322\gtamenu
c:\users\3much5u\appdata\local\temp\ps3ppuld294682\gtamenu
c:\users\3much5u\appdata\local\temp\ps3ppuld317962\gtamenu
c:\users\3much5u\appdata\local\temp\ps3ppuld324242\gtamenu
c:\users\3much5u\appdata\local\temp\ps3ppuld254362\gtamenu
c:\users\3much5u\appdata\local\temp\ps3ppuld297242\gtamenu
c:\users\3much5u\appdata\local\temp\ps3ppuld329082\gtamenu
c:\users\3much5u\appdata\local\temp\ps3ppuld335962\gtamenu
c:\users\3much5u\appdata\local\temp\ps3ppuld342122\gtamenu
c:\users\3much5u\appdata\local\temp\ps3ppuld321042\gtamenu
c:\users\3much5u\appdata\local\temp\ps3ppuld307362\gtamenu
c:\users\3much5u\appdata\local\temp\ps3ppuld329002\gtamenu
c:\users\3much5u\appdata\local\temp\ps3ppuld351362\gtamenu
c:\users\3much5u\appdata\local\temp\ps3ppuld358162\gtamenu
c:\users\3much5u\appdata\local\temp\ps3ppuld340802\gtamenu
c:\users\3much5u\desktop\xbox\grand theft auto\ps3\gtav_native_invoker-master\gtav_native_invoker-master\gtav_native_invoker\ps3_debug\stdafx.o
c:\users\3much5u\desktop\xbox\grand theft auto\ps3\gtav_native_invoker-master\gtav_native_invoker-master\gtav_native_invoker\ps3_debug\gtamenu.pch
c:\users\3much5u\desktop\xbox\grand theft auto\ps3\gtav_native_invoker-master\gtav_native_invoker-master\gtav_native_invoker\ps3_debug\printf.o
c:\users\3much5u\desktop\xbox\grand theft auto\ps3\gtav_native_invoker-master\gtav_native_invoker-master\gtav_native_invoker\ps3_debug\prx.o
c:\users\3much5u\desktop\xbox\grand theft auto\ps3\gtav_native_invoker-master\gtav_native_invoker-master\gtav_native_invoker\ps3_debug\gta.pch
c:\users\3much5u\desktop\xbox\grand theft auto\ps3\gtav_native_invoker-master\gtav_native_invoker-master\gtav_native_invoker\ps3_debug\gta.write.1.tlog
c:\users\3much5u\desktop\xbox\grand theft auto\ps3\gtav_native_invoker-master\gtav_native_invoker-master\gtav_native_invoker\ps3_debug\gtamenu.write.1.tlog
c:\users\3much5u\desktop\xbox\grand theft auto\ps3\gtav_native_invoker-master\gtav_native_invoker-master\gtav_native_invoker\ps3_debug\ps3ppuld-make_fself.read.1.tlog
c:\users\3much5u\desktop\xbox\grand theft auto\ps3\gtav_native_invoker-master\gtav_native_invoker-master\gtav_native_invoker\ps3_debug\ps3ppuld-make_fself.write.1.tlog
c:\users\3much5u\desktop\xbox\grand theft auto\ps3\gtav_native_invoker-master\gtav_native_invoker-master\gtav_native_invoker\ps3_debug\ps3ppuld-ppu-lv2-as.read.1.tlog
c:\users\3much5u\desktop\xbox\grand theft auto\ps3\gtav_native_invoker-master\gtav_native_invoker-master\gtav_native_invoker\ps3_debug\ps3ppuld-ppu-lv2-as.write.1.tlog
c:\users\3much5u\desktop\xbox\grand theft auto\ps3\gtav_native_invoker-master\gtav_native_invoker-master\gtav_native_invoker\ps3_debug\ps3ppuld-ppu-lv2-prx-fixup.read.1.tlog
c:\users\3much5u\desktop\xbox\grand theft auto\ps3\gtav_native_invoker-master\gtav_native_invoker-master\gtav_native_invoker\ps3_debug\ps3ppuld-ppu-lv2-prx-fixup.write.1.tlog
c:\users\3much5u\desktop\xbox\grand theft auto\ps3\gtav_native_invoker-master\gtav_native_invoker-master\gtav_native_invoker\ps3_debug\ps3ppuld-ppu-lv2-prx-libgen.read.1.tlog
c:\users\3much5u\desktop\xbox\grand theft auto\ps3\gtav_native_invoker-master\gtav_native_invoker-master\gtav_native_invoker\ps3_debug\ps3ppuld.11672.read.1.tlog
c:\users\3much5u\desktop\xbox\grand theft auto\ps3\gtav_native_invoker-master\gtav_native_invoker-master\gtav_native_invoker\ps3_debug\ps3ppuld.11672.write.1.tlog
c:\users\3much5u\desktop\xbox\grand theft auto\ps3\gtav_native_invoker-master\gtav_native_invoker-master\gtav_native_invoker\ps3_debug\ps3ppuld.12072.read.1.tlog
c:\users\3much5u\desktop\xbox\grand theft auto\ps3\gtav_native_invoker-master\gtav_native_invoker-master\gtav_native_invoker\ps3_debug\ps3ppuld.12072.write.1.tlog
c:\users\3much5u\desktop\xbox\grand theft auto\ps3\gtav_native_invoker-master\gtav_native_invoker-master\gtav_native_invoker\ps3_debug\ps3ppuld.12456.read.1.tlog
c:\users\3much5u\desktop\xbox\grand theft auto\ps3\gtav_native_invoker-master\gtav_native_invoker-master\gtav_native_invoker\ps3_debug\ps3ppuld.12456.write.1.tlog
c:\users\3much5u\desktop\xbox\grand theft auto\ps3\gtav_native_invoker-master\gtav_native_invoker-master\gtav_native_invoker\ps3_debug\ps3ppuld.17108.read.1.tlog
c:\users\3much5u\desktop\xbox\grand theft auto\ps3\gtav_native_invoker-master\gtav_native_invoker-master\gtav_native_invoker\ps3_debug\ps3ppuld.17108.write.1.tlog
c:\users\3much5u\desktop\xbox\grand theft auto\ps3\gtav_native_invoker-master\gtav_native_invoker-master\gtav_native_invoker\ps3_debug\ps3ppuld.18260.read.1.tlog
c:\users\3much5u\desktop\xbox\grand theft auto\ps3\gtav_native_invoker-master\gtav_native_invoker-master\gtav_native_invoker\ps3_debug\ps3ppuld.18260.write.1.tlog
c:\users\3much5u\desktop\xbox\grand theft auto\ps3\gtav_native_invoker-master\gtav_native_invoker-master\gtav_native_invoker\ps3_debug\ps3ppuld.18424.read.1.tlog
c:\users\3much5u\desktop\xbox\grand theft auto\ps3\gtav_native_invoker-master\gtav_native_invoker-master\gtav_native_invoker\ps3_debug\ps3ppuld.18424.write.1.tlog
c:\users\3much5u\desktop\xbox\grand theft auto\ps3\gtav_native_invoker-master\gtav_native_invoker-master\gtav_native_invoker\ps3_debug\ps3ppuld.18444.read.1.tlog
c:\users\3much5u\desktop\xbox\grand theft auto\ps3\gtav_native_invoker-master\gtav_native_invoker-master\gtav_native_invoker\ps3_debug\ps3ppuld.18444.write.1.tlog
c:\users\3much5u\desktop\xbox\grand theft auto\ps3\gtav_native_invoker-master\gtav_native_invoker-master\gtav_native_invoker\ps3_debug\ps3ppuld.18516.read.1.tlog
c:\users\3much5u\desktop\xbox\grand theft auto\ps3\gtav_native_invoker-master\gtav_native_invoker-master\gtav_native_invoker\ps3_debug\ps3ppuld.18516.write.1.tlog
c:\users\3much5u\desktop\xbox\grand theft auto\ps3\gtav_native_invoker-master\gtav_native_invoker-master\gtav_native_invoker\ps3_debug\ps3ppuld.18528.read.1.tlog
c:\users\3much5u\desktop\xbox\grand theft auto\ps3\gtav_native_invoker-master\gtav_native_invoker-master\gtav_native_invoker\ps3_debug\ps3ppuld.18528.write.1.tlog
c:\users\3much5u\desktop\xbox\grand theft auto\ps3\gtav_native_invoker-master\gtav_native_invoker-master\gtav_native_invoker\ps3_debug\ps3ppuld.18560.read.1.tlog
c:\users\3much5u\desktop\xbox\grand theft auto\ps3\gtav_native_invoker-master\gtav_native_invoker-master\gtav_native_invoker\ps3_debug\ps3ppuld.18560.write.1.tlog
c:\users\3much5u\desktop\xbox\grand theft auto\ps3\gtav_native_invoker-master\gtav_native_invoker-master\gtav_native_invoker\ps3_debug\ps3ppuld.20276.read.1.tlog
c:\users\3much5u\desktop\xbox\grand theft auto\ps3\gtav_native_invoker-master\gtav_native_invoker-master\gtav_native_invoker\ps3_debug\ps3ppuld.20276.write.1.tlog
c:\users\3much5u\desktop\xbox\grand theft auto\ps3\gtav_native_invoker-master\gtav_native_invoker-master\gtav_native_invoker\ps3_debug\ps3ppuld.20520.read.1.tlog
c:\users\3much5u\desktop\xbox\grand theft auto\ps3\gtav_native_invoker-master\gtav_native_invoker-master\gtav_native_invoker\ps3_debug\ps3ppuld.20520.write.1.tlog
c:\users\3much5u\desktop\xbox\grand theft auto\ps3\gtav_native_invoker-master\gtav_native_invoker-master\gtav_native_invoker\ps3_debug\ps3ppuld.20968.read.1.tlog
c:\users\3much5u\desktop\xbox\grand theft auto\ps3\gtav_native_invoker-master\gtav_native_invoker-master\gtav_native_invoker\ps3_debug\ps3ppuld.20968.write.1.tlog
c:\users\3much5u\desktop\xbox\grand theft auto\ps3\gtav_native_invoker-master\gtav_native_invoker-master\gtav_native_invoker\ps3_debug\ps3ppuld.21220.read.1.tlog
c:\users\3much5u\desktop\xbox\grand theft auto\ps3\gtav_native_invoker-master\gtav_native_invoker-master\gtav_native_invoker\ps3_debug\ps3ppuld.21220.write.1.tlog
c:\users\3much5u\desktop\xbox\grand theft auto\ps3\gtav_native_invoker-master\gtav_native_invoker-master\gtav_native_invoker\ps3_debug\ps3ppuld.22096.read.1.tlog
c:\users\3much5u\desktop\xbox\grand theft auto\ps3\gtav_native_invoker-master\gtav_native_invoker-master\gtav_native_invoker\ps3_debug\ps3ppuld.22096.write.1.tlog
c:\users\3much5u\desktop\xbox\grand theft auto\ps3\gtav_native_invoker-master\gtav_native_invoker-master\gtav_native_invoker\ps3_debug\ps3ppuld.23420.read.1.tlog
c:\users\3much5u\desktop\xbox\grand theft auto\ps3\gtav_native_invoker-master\gtav_native_invoker-master\gtav_native_invoker\ps3_debug\ps3ppuld.23420.write.1.tlog
c:\users\3much5u\desktop\xbox\grand theft auto\ps3\gtav_native_invoker-master\gtav_native_invoker-master\gtav_native_invoker\ps3_debug\ps3ppuld.23720.read.1.tlog
c:\users\3much5u\desktop\xbox\grand theft auto\ps3\gtav_native_invoker-master\gtav_native_invoker-master\gtav_native_invoker\ps3_debug\ps3ppuld.23720.write.1.tlog
c:\users\3much5u\desktop\xbox\grand theft auto\ps3\gtav_native_invoker-master\gtav_native_invoker-master\gtav_native_invoker\ps3_debug\ps3ppuld.25404.read.1.tlog
c:\users\3much5u\desktop\xbox\grand theft auto\ps3\gtav_native_invoker-master\gtav_native_invoker-master\gtav_native_invoker\ps3_debug\ps3ppuld.25404.write.1.tlog
c:\users\3much5u\desktop\xbox\grand theft auto\ps3\gtav_native_invoker-master\gtav_native_invoker-master\gtav_native_invoker\ps3_debug\ps3ppuld.25556.read.1.tlog
c:\users\3much5u\desktop\xbox\grand theft auto\ps3\gtav_native_invoker-master\gtav_native_invoker-master\gtav_native_invoker\ps3_debug\ps3ppuld.25556.write.1.tlog
c:\users\3much5u\desktop\xbox\grand theft auto\ps3\gtav_native_invoker-master\gtav_native_invoker-master\gtav_native_invoker\ps3_debug\ps3ppuld.2752.read.1.tlog
c:\users\3much5u\desktop\xbox\grand theft auto\ps3\gtav_native_invoker-master\gtav_native_invoker-master\gtav_native_invoker\ps3_debug\ps3ppuld.2752.write.1.tlog
c:\users\3much5u\desktop\xbox\grand theft auto\ps3\gtav_native_invoker-master\gtav_native_invoker-master\gtav_native_invoker\ps3_debug\ps3ppuld.29288.read.1.tlog
c:\users\3much5u\desktop\xbox\grand theft auto\ps3\gtav_native_invoker-master\gtav_native_invoker-master\gtav_native_invoker\ps3_debug\ps3ppuld.29288.write.1.tlog
c:\users\3much5u\desktop\xbox\grand theft auto\ps3\gtav_native_invoker-master\gtav_native_invoker-master\gtav_native_invoker\ps3_debug\ps3ppuld.29688.read.1.tlog
c:\users\3much5u\desktop\xbox\grand theft auto\ps3\gtav_native_invoker-master\gtav_native_invoker-master\gtav_native_invoker\ps3_debug\ps3ppuld.29688.write.1.tlog
c:\users\3much5u\desktop\xbox\grand theft auto\ps3\gtav_native_invoker-master\gtav_native_invoker-master\gtav_native_invoker\ps3_debug\ps3ppuld.30416.read.1.tlog
c:\users\3much5u\desktop\xbox\grand theft auto\ps3\gtav_native_invoker-master\gtav_native_invoker-master\gtav_native_invoker\ps3_debug\ps3ppuld.30416.write.1.tlog
c:\users\3much5u\desktop\xbox\grand theft auto\ps3\gtav_native_invoker-master\gtav_native_invoker-master\gtav_native_invoker\ps3_debug\ps3ppuld.30628.read.1.tlog
c:\users\3much5u\desktop\xbox\grand theft auto\ps3\gtav_native_invoker-master\gtav_native_invoker-master\gtav_native_invoker\ps3_debug\ps3ppuld.30628.write.1.tlog
c:\users\3much5u\desktop\xbox\grand theft auto\ps3\gtav_native_invoker-master\gtav_native_invoker-master\gtav_native_invoker\ps3_debug\ps3ppuld.31260.read.1.tlog
c:\users\3much5u\desktop\xbox\grand theft auto\ps3\gtav_native_invoker-master\gtav_native_invoker-master\gtav_native_invoker\ps3_debug\ps3ppuld.31260.write.1.tlog
c:\users\3much5u\desktop\xbox\grand theft auto\ps3\gtav_native_invoker-master\gtav_native_invoker-master\gtav_native_invoker\ps3_debug\ps3ppuld.31312.read.1.tlog
c:\users\3much5u\desktop\xbox\grand theft auto\ps3\gtav_native_invoker-master\gtav_native_invoker-master\gtav_native_invoker\ps3_debug\ps3ppuld.31312.write.1.tlog
c:\users\3much5u\desktop\xbox\grand theft auto\ps3\gtav_native_invoker-master\gtav_native_invoker-master\gtav_native_invoker\ps3_debug\ps3ppuld.31536.read.1.tlog
c:\users\3much5u\desktop\xbox\grand theft auto\ps3\gtav_native_invoker-master\gtav_native_invoker-master\gtav_native_invoker\ps3_debug\ps3ppuld.31536.write.1.tlog
c:\users\3much5u\desktop\xbox\grand theft auto\ps3\gtav_native_invoker-master\gtav_native_invoker-master\gtav_native_invoker\ps3_debug\ps3ppuld.31912.read.1.tlog
c:\users\3much5u\desktop\xbox\grand theft auto\ps3\gtav_native_invoker-master\gtav_native_invoker-master\gtav_native_invoker\ps3_debug\ps3ppuld.31912.write.1.tlog
c:\users\3much5u\desktop\xbox\grand theft auto\ps3\gtav_native_invoker-master\gtav_native_invoker-master\gtav_native_invoker\ps3_debug\ps3ppuld.31988.read.1.tlog
c:\users\3much5u\desktop\xbox\grand theft auto\ps3\gtav_native_invoker-master\gtav_native_invoker-master\gtav_native_invoker\ps3_debug\ps3ppuld.31988.write.1.tlog
c:\users\3much5u\desktop\xbox\grand theft auto\ps3\gtav_native_invoker-master\gtav_native_invoker-master\gtav_native_invoker\ps3_debug\ps3ppuld.32296.read.1.tlog
c:\users\3much5u\desktop\xbox\grand theft auto\ps3\gtav_native_invoker-master\gtav_native_invoker-master\gtav_native_invoker\ps3_debug\ps3ppuld.32296.write.1.tlog
c:\users\3much5u\desktop\xbox\grand theft auto\ps3\gtav_native_invoker-master\gtav_native_invoker-master\gtav_native_invoker\ps3_debug\ps3ppuld.32464.read.1.tlog
c:\users\3much5u\desktop\xbox\grand theft auto\ps3\gtav_native_invoker-master\gtav_native_invoker-master\gtav_native_invoker\ps3_debug\ps3ppuld.32464.write.1.tlog
c:\users\3much5u\desktop\xbox\grand theft auto\ps3\gtav_native_invoker-master\gtav_native_invoker-master\gtav_native_invoker\ps3_debug\ps3ppuld.32924.read.1.tlog
c:\users\3much5u\desktop\xbox\grand theft auto\ps3\gtav_native_invoker-master\gtav_native_invoker-master\gtav_native_invoker\ps3_debug\ps3ppuld.32924.write.1.tlog
c:\users\3much5u\desktop\xbox\grand theft auto\ps3\gtav_native_invoker-master\gtav_native_invoker-master\gtav_native_invoker\ps3_debug\ps3ppuld.33708.read.1.tlog
c:\users\3much5u\desktop\xbox\grand theft auto\ps3\gtav_native_invoker-master\gtav_native_invoker-master\gtav_native_invoker\ps3_debug\ps3ppuld.33708.write.1.tlog
c:\users\3much5u\desktop\xbox\grand theft auto\ps3\gtav_native_invoker-master\gtav_native_invoker-master\gtav_native_invoker\ps3_debug\ps3ppuld.34264.read.1.tlog
c:\users\3much5u\desktop\xbox\grand theft auto\ps3\gtav_native_invoker-master\gtav_native_invoker-master\gtav_native_invoker\ps3_debug\ps3ppuld.34264.write.1.tlog
c:\users\3much5u\desktop\xbox\grand theft auto\ps3\gtav_native_invoker-master\gtav_native_invoker-master\gtav_native_invoker\ps3_debug\ps3ppuld.35076.read.1.tlog
c:\users\3much5u\desktop\xbox\grand theft auto\ps3\gtav_native_invoker-master\gtav_native_invoker-master\gtav_native_invoker\ps3_debug\ps3ppuld.35076.write.1.tlog
c:\users\3much5u\desktop\xbox\grand theft auto\ps3\gtav_native_invoker-master\gtav_native_invoker-master\gtav_native_invoker\ps3_debug\ps3ppuld.35116.read.1.tlog
c:\users\3much5u\desktop\xbox\grand theft auto\ps3\gtav_native_invoker-master\gtav_native_invoker-master\gtav_native_invoker\ps3_debug\ps3ppuld.35116.write.1.tlog
c:\users\3much5u\desktop\xbox\grand theft auto\ps3\gtav_native_invoker-master\gtav_native_invoker-master\gtav_native_invoker\ps3_debug\ps3ppuld.4564.read.1.tlog
c:\users\3much5u\desktop\xbox\grand theft auto\ps3\gtav_native_invoker-master\gtav_native_invoker-master\gtav_native_invoker\ps3_debug\ps3ppuld.4564.write.1.tlog
c:\users\3much5u\desktop\xbox\grand theft auto\ps3\gtav_native_invoker-master\gtav_native_invoker-master\gtav_native_invoker\ps3_debug\ps3ppuld.4720.read.1.tlog
c:\users\3much5u\desktop\xbox\grand theft auto\ps3\gtav_native_invoker-master\gtav_native_invoker-master\gtav_native_invoker\ps3_debug\ps3ppuld.4720.write.1.tlog
c:\users\3much5u\desktop\xbox\grand theft auto\ps3\gtav_native_invoker-master\gtav_native_invoker-master\gtav_native_invoker\ps3_debug\ps3ppuld.6668.read.1.tlog
c:\users\3much5u\desktop\xbox\grand theft auto\ps3\gtav_native_invoker-master\gtav_native_invoker-master\gtav_native_invoker\ps3_debug\ps3ppuld.6668.write.1.tlog
c:\users\3much5u\desktop\xbox\grand theft auto\ps3\gtav_native_invoker-master\gtav_native_invoker-master\gtav_native_invoker\ps3_debug\ps3ppuld.6696.read.1.tlog
c:\users\3much5u\desktop\xbox\grand theft auto\ps3\gtav_native_invoker-master\gtav_native_invoker-master\gtav_native_invoker\ps3_debug\ps3ppuld.6696.write.1.tlog
c:\users\3much5u\desktop\xbox\grand theft auto\ps3\gtav_native_invoker-master\gtav_native_invoker-master\gtav_native_invoker\ps3_debug\ps3ppuld.6784.read.1.tlog
c:\users\3much5u\desktop\xbox\grand theft auto\ps3\gtav_native_invoker-master\gtav_native_invoker-master\gtav_native_invoker\ps3_debug\ps3ppuld.6784.write.1.tlog
c:\users\3much5u\desktop\xbox\grand theft auto\ps3\gtav_native_invoker-master\gtav_native_invoker-master\gtav_native_invoker\ps3_debug\ps3ppuld.6796.read.1.tlog
c:\users\3much5u\desktop\xbox\grand theft auto\ps3\gtav_native_invoker-master\gtav_native_invoker-master\gtav_native_invoker\ps3_debug\ps3ppuld.6796.write.1.tlog
c:\users\3much5u\desktop\xbox\grand theft auto\ps3\gtav_native_invoker-master\gtav_native_invoker-master\gtav_native_invoker\ps3_debug\ps3ppuld.8264.read.1.tlog
c:\users\3much5u\desktop\xbox\grand theft auto\ps3\gtav_native_invoker-master\gtav_native_invoker-master\gtav_native_invoker\ps3_debug\ps3ppuld.8264.write.1.tlog
c:\users\3much5u\desktop\xbox\grand theft auto\ps3\gtav_native_invoker-master\gtav_native_invoker-master\gtav_native_invoker\ps3_debug\ps3ppuld.8612.read.1.tlog
c:\users\3much5u\desktop\xbox\grand theft auto\ps3\gtav_native_invoker-master\gtav_native_invoker-master\gtav_native_invoker\ps3_debug\ps3ppuld.8612.write.1.tlog
c:\users\3much5u\desktop\xbox\grand theft auto\ps3\gtav_native_invoker-master\gtav_native_invoker-master\gtav_native_invoker\ps3_debug\ps3ppuld.8820.read.1.tlog
c:\users\3much5u\desktop\xbox\grand theft auto\ps3\gtav_native_invoker-master\gtav_native_invoker-master\gtav_native_invoker\ps3_debug\ps3ppuld.8820.write.1.tlog
c:\users\3much5u\desktop\xbox\grand theft auto\ps3\gtav_native_invoker-master\gtav_native_invoker-master\gtav_native_invoker\ps3_debug\ps3ppuld.932.read.1.tlog
c:\users\3much5u\desktop\xbox\grand theft auto\ps3\gtav_native_invoker-master\gtav_native_invoker-master\gtav_native_invoker\ps3_debug\ps3ppuld.932.write.1.tlog
c:\users\3much5u\desktop\xbox\grand theft auto\ps3\gtav_native_invoker-master\gtav_native_invoker-master\gtav_native_invoker\ps3_debug\ps3ppuld.command.1.tlog
c:\users\3much5u\desktop\xbox\grand theft auto\ps3\gtav_native_invoker-master\gtav_native_invoker-master\gtav_native_invoker\ps3_debug\ps3ppuld.read.1.tlog
c:\users\3much5u\desktop\xbox\grand theft auto\ps3\gtav_native_invoker-master\gtav_native_invoker-master\gtav_native_invoker\ps3_debug\ps3ppuld.write.1.tlog
c:\users\3much5u\desktop\xbox\grand theft auto\ps3\gtav_native_invoker-master\gtav_native_invoker-master\gtav_native_invoker\ps3_debug\ps3ppusnc.command.1.tlog
c:\users\3much5u\desktop\xbox\grand theft auto\ps3\gtav_native_invoker-master\gtav_native_invoker-master\gtav_native_invoker\ps3_debug\ps3ppusnc.read.1.tlog
c:\users\3much5u\desktop\xbox\grand theft auto\ps3\gtav_native_invoker-master\gtav_native_invoker-master\gtav_native_invoker\ps3_debug\ps3ppusnc.write.1.tlog
