c:\users\chris\appdata\local\temp\ps3ppuld104722\lib.ent.o
c:\users\chris\appdata\local\temp\ps3ppuld102042\lib.ent.o
c:\users\chris\appdata\local\temp\ps3ppuld92922\lib.ent.o
c:\users\chris\appdata\local\temp\ps3ppuld42442\lib.ent.o
c:\users\chris\appdata\local\temp\ps3ppuld103082\lib.ent.o
c:\users\chris\appdata\local\temp\ps3ppuld127642\lib.ent.o
c:\users\chris\appdata\local\temp\ps3ppuld39122\lib.ent.o
c:\users\chris\appdata\local\temp\ps3ppuld59162\lib.ent.o
c:\users\chris\appdata\local\temp\ps3ppuld90562\lib.ent.o
c:\users\chris\appdata\local\temp\ps3ppuld59962\lib.ent.o
c:\users\chris\appdata\local\temp\ps3ppuld123762\lib.ent.o
c:\users\chris\appdata\local\temp\ps3ppuld42482\lib.ent.o
c:\users\chris\appdata\local\temp\ps3ppuld117762\lib.ent.o
c:\users\chris\appdata\local\temp\ps3ppuld9122\lib.ent.o
c:\users\chris\appdata\local\temp\ps3ppuld112842\lib.ent.o
c:\users\chris\appdata\local\temp\ps3ppuld36362\lib.ent.o
c:\users\chris\appdata\local\temp\ps3ppuld127322\lib.ent.o
c:\users\chris\appdata\local\temp\ps3ppuld107202\lib.ent.o
c:\users\chris\appdata\local\temp\ps3ppuld13602\lib.ent.o
c:\users\chris\appdata\local\temp\ps3ppuld108482\lib.ent.o
c:\users\chris\appdata\local\temp\ps3ppuld93642\lib.ent.o
c:\users\chris\appdata\local\temp\ps3ppuld63002\lib.ent.o
c:\users\chris\appdata\local\temp\ps3ppuld92242\lib.ent.o
c:\users\chris\appdata\local\temp\ps3ppuld65282\lib.ent.o
c:\users\chris\appdata\local\temp\ps3ppuld111522\lib.ent.o
c:\users\chris\appdata\local\temp\ps3ppuld124202\lib.ent.o
c:\users\chris\appdata\local\temp\ps3ppuld134642\lib.ent.o
c:\users\chris\appdata\local\temp\ps3ppuld110162\lib.ent.o
c:\users\chris\appdata\local\temp\ps3ppuld135602\lib.ent.o
c:\users\chris\appdata\local\temp\ps3ppuld118122\lib.ent.o
c:\users\chris\appdata\local\temp\ps3ppuld142322\lib.ent.o
c:\users\chris\appdata\local\temp\ps3ppuld117962\lib.ent.o
c:\users\chris\appdata\local\temp\ps3ppuld51002\lib.ent.o
c:\users\chris\appdata\local\temp\ps3ppuld55642\lib.ent.o
c:\users\chris\appdata\local\temp\ps3ppuld52962\lib.ent.o
c:\users\chris\appdata\local\temp\ps3ppuld57162\lib.ent.o
c:\users\chris\appdata\local\temp\ps3ppuld35762\lib.ent.o
c:\users\chris\appdata\local\temp\ps3ppuld29722\lib.ent.o
c:\users\chris\appdata\local\temp\ps3ppuld70722\lib.ent.o
c:\users\chris\appdata\local\temp\ps3ppuld60962\lib.ent.o
c:\users\chris\appdata\local\temp\ps3ppuld91122\lib.ent.o
c:\users\chris\appdata\local\temp\ps3ppuld77602\lib.ent.o
c:\users\chris\appdata\local\temp\ps3ppuld69362\lib.ent.o
c:\users\chris\appdata\local\temp\ps3ppuld53882\lib.ent.o
c:\users\chris\appdata\local\temp\ps3ppuld20682\lib.ent.o
c:\users\chris\appdata\local\temp\ps3ppuld115802\lib.ent.o
c:\users\chris\appdata\local\temp\ps3ppuld140802\lib.ent.o
c:\users\chris\appdata\local\temp\ps3ppuld175282\lib.ent.o
c:\users\chris\appdata\local\temp\ps3ppuld167242\lib.ent.o
c:\users\chris\appdata\local\temp\ps3ppuld168122\lib.ent.o
c:\users\chris\appdata\local\temp\ps3ppuld143482\lib.ent.o
c:\users\chris\appdata\local\temp\ps3ppuld131082\lib.ent.o
c:\users\chris\appdata\local\temp\ps3ppuld141082\lib.ent.o
c:\users\chris\appdata\local\temp\ps3ppuld105162\lib.ent.o
c:\users\chris\appdata\local\temp\ps3ppuld56242\lib.ent.o
c:\users\chris\appdata\local\temp\ps3ppuld21522\lib.ent.o
c:\users\chris\appdata\local\temp\ps3ppuld80922\lib.ent.o
c:\users\chris\appdata\local\temp\ps3ppuld178962\lib.ent.o
c:\users\chris\appdata\local\temp\ps3ppuld175122\lib.ent.o
c:\users\chris\appdata\local\temp\ps3ppuld54122\lib.ent.o
c:\users\chris\appdata\local\temp\ps3ppuld146322\lib.ent.o
c:\users\chris\appdata\local\temp\ps3ppuld77842\lib.ent.o
c:\users\chris\appdata\local\temp\ps3ppuld104722\menubase
c:\users\chris\appdata\local\temp\ps3ppuld102042\menubase
c:\users\chris\appdata\local\temp\ps3ppuld92922\menubase
c:\users\chris\appdata\local\temp\ps3ppuld42442\menubase
c:\users\chris\appdata\local\temp\ps3ppuld103082\menubase
c:\users\chris\appdata\local\temp\ps3ppuld127642\menubase
c:\users\chris\appdata\local\temp\ps3ppuld39122\menubase
c:\users\chris\appdata\local\temp\ps3ppuld59162\menubase
c:\users\chris\appdata\local\temp\ps3ppuld90562\menubase
c:\users\chris\appdata\local\temp\ps3ppuld59962\menubase
c:\users\chris\appdata\local\temp\ps3ppuld123762\menubase
c:\users\chris\appdata\local\temp\ps3ppuld42482\menubase
c:\users\chris\appdata\local\temp\ps3ppuld117762\menubase
c:\users\chris\appdata\local\temp\ps3ppuld9122\menubase
c:\users\chris\appdata\local\temp\ps3ppuld112842\menubase
c:\users\chris\appdata\local\temp\ps3ppuld36362\menubase
c:\users\chris\appdata\local\temp\ps3ppuld127322\menubase
c:\users\chris\appdata\local\temp\ps3ppuld107202\menubase
c:\users\chris\appdata\local\temp\ps3ppuld13602\menubase
c:\users\chris\appdata\local\temp\ps3ppuld108482\menubase
c:\users\chris\appdata\local\temp\ps3ppuld93642\menubase
c:\users\chris\appdata\local\temp\ps3ppuld63002\menubase
c:\users\chris\appdata\local\temp\ps3ppuld92242\menubase
c:\users\chris\appdata\local\temp\ps3ppuld65282\menubase
c:\users\chris\appdata\local\temp\ps3ppuld111522\menubase
c:\users\chris\appdata\local\temp\ps3ppuld124202\menubase
c:\users\chris\appdata\local\temp\ps3ppuld134642\menubase
c:\users\chris\appdata\local\temp\ps3ppuld110162\menubase
c:\users\chris\appdata\local\temp\ps3ppuld135602\menubase
c:\users\chris\appdata\local\temp\ps3ppuld118122\menubase
c:\users\chris\appdata\local\temp\ps3ppuld142322\menubase
c:\users\chris\appdata\local\temp\ps3ppuld117962\menubase
c:\users\chris\appdata\local\temp\ps3ppuld51002\menubase
c:\users\chris\appdata\local\temp\ps3ppuld55642\menubase
c:\users\chris\appdata\local\temp\ps3ppuld52962\menubase
c:\users\chris\appdata\local\temp\ps3ppuld57162\menubase
c:\users\chris\appdata\local\temp\ps3ppuld35762\menubase
c:\users\chris\appdata\local\temp\ps3ppuld29722\menubase
c:\users\chris\appdata\local\temp\ps3ppuld70722\menubase
c:\users\chris\appdata\local\temp\ps3ppuld60962\menubase
c:\users\chris\appdata\local\temp\ps3ppuld91122\menubase
c:\users\chris\appdata\local\temp\ps3ppuld77602\menubase
c:\users\chris\appdata\local\temp\ps3ppuld69362\menubase
c:\users\chris\appdata\local\temp\ps3ppuld53882\menubase
c:\users\chris\appdata\local\temp\ps3ppuld20682\menubase
c:\users\chris\appdata\local\temp\ps3ppuld115802\menubase
c:\users\chris\appdata\local\temp\ps3ppuld140802\menubase
c:\users\chris\appdata\local\temp\ps3ppuld175282\menubase
c:\users\chris\appdata\local\temp\ps3ppuld167242\menubase
c:\users\chris\appdata\local\temp\ps3ppuld168122\menubase
c:\users\chris\appdata\local\temp\ps3ppuld143482\menubase
c:\users\chris\appdata\local\temp\ps3ppuld131082\menubase
c:\users\chris\appdata\local\temp\ps3ppuld141082\menubase
c:\users\chris\appdata\local\temp\ps3ppuld105162\menubase
c:\users\chris\appdata\local\temp\ps3ppuld56242\menubase
c:\users\chris\appdata\local\temp\ps3ppuld21522\menubase
c:\users\chris\appdata\local\temp\ps3ppuld80922\menubase
c:\users\chris\appdata\local\temp\ps3ppuld178962\menubase
c:\users\chris\appdata\local\temp\ps3ppuld175122\menubase
c:\users\chris\appdata\local\temp\ps3ppuld54122\menubase
c:\users\chris\appdata\local\temp\ps3ppuld146322\menubase
c:\users\chris\appdata\local\temp\ps3ppuld77842\menubase
c:\users\chris\desktop\ps3\sprx\my projects\menu base 1.1\gtav_native_invoker-master\gtav_native_invoker\ps3_debug\stdafx.o
c:\users\chris\desktop\ps3\sprx\my projects\menu base 1.1\gtav_native_invoker-master\gtav_native_invoker\ps3_debug\menubase.pch
c:\users\chris\desktop\ps3\sprx\my projects\menu base 1.1\gtav_native_invoker-master\gtav_native_invoker\ps3_debug\printf.o
c:\users\chris\desktop\ps3\sprx\my projects\menu base 1.1\gtav_native_invoker-master\gtav_native_invoker\ps3_debug\prx.o
c:\users\chris\desktop\ps3\sprx\my projects\menu base 1.1\gtav_native_invoker-master\gtav_native_invoker\ps3_debug\gtamenu.pch
c:\users\chris\desktop\ps3\sprx\my projects\menu base 1.1\gtav_native_invoker-master\gtav_native_invoker\ps3_debug\gtamenu.write.1.tlog
c:\users\chris\desktop\ps3\sprx\my projects\menu base 1.1\gtav_native_invoker-master\gtav_native_invoker\ps3_debug\menubase.write.1.tlog
c:\users\chris\desktop\ps3\sprx\my projects\menu base 1.1\gtav_native_invoker-master\gtav_native_invoker\ps3_debug\menubasebeta.write.1.tlog
c:\users\chris\desktop\ps3\sprx\my projects\menu base 1.1\gtav_native_invoker-master\gtav_native_invoker\ps3_debug\ps3ppuld-make_fself.read.1.tlog
c:\users\chris\desktop\ps3\sprx\my projects\menu base 1.1\gtav_native_invoker-master\gtav_native_invoker\ps3_debug\ps3ppuld-make_fself.write.1.tlog
c:\users\chris\desktop\ps3\sprx\my projects\menu base 1.1\gtav_native_invoker-master\gtav_native_invoker\ps3_debug\ps3ppuld-ppu-lv2-as.read.1.tlog
c:\users\chris\desktop\ps3\sprx\my projects\menu base 1.1\gtav_native_invoker-master\gtav_native_invoker\ps3_debug\ps3ppuld-ppu-lv2-as.write.1.tlog
c:\users\chris\desktop\ps3\sprx\my projects\menu base 1.1\gtav_native_invoker-master\gtav_native_invoker\ps3_debug\ps3ppuld-ppu-lv2-prx-fixup.read.1.tlog
c:\users\chris\desktop\ps3\sprx\my projects\menu base 1.1\gtav_native_invoker-master\gtav_native_invoker\ps3_debug\ps3ppuld-ppu-lv2-prx-fixup.write.1.tlog
c:\users\chris\desktop\ps3\sprx\my projects\menu base 1.1\gtav_native_invoker-master\gtav_native_invoker\ps3_debug\ps3ppuld-ppu-lv2-prx-libgen.read.1.tlog
c:\users\chris\desktop\ps3\sprx\my projects\menu base 1.1\gtav_native_invoker-master\gtav_native_invoker\ps3_debug\ps3ppuld.10208.read.1.tlog
c:\users\chris\desktop\ps3\sprx\my projects\menu base 1.1\gtav_native_invoker-master\gtav_native_invoker\ps3_debug\ps3ppuld.10208.write.1.tlog
c:\users\chris\desktop\ps3\sprx\my projects\menu base 1.1\gtav_native_invoker-master\gtav_native_invoker\ps3_debug\ps3ppuld.10600.read.1.tlog
c:\users\chris\desktop\ps3\sprx\my projects\menu base 1.1\gtav_native_invoker-master\gtav_native_invoker\ps3_debug\ps3ppuld.10600.write.1.tlog
c:\users\chris\desktop\ps3\sprx\my projects\menu base 1.1\gtav_native_invoker-master\gtav_native_invoker\ps3_debug\ps3ppuld.1068.read.1.tlog
c:\users\chris\desktop\ps3\sprx\my projects\menu base 1.1\gtav_native_invoker-master\gtav_native_invoker\ps3_debug\ps3ppuld.1068.write.1.tlog
c:\users\chris\desktop\ps3\sprx\my projects\menu base 1.1\gtav_native_invoker-master\gtav_native_invoker\ps3_debug\ps3ppuld.107176.read.1.tlog
c:\users\chris\desktop\ps3\sprx\my projects\menu base 1.1\gtav_native_invoker-master\gtav_native_invoker\ps3_debug\ps3ppuld.107176.write.1.tlog
c:\users\chris\desktop\ps3\sprx\my projects\menu base 1.1\gtav_native_invoker-master\gtav_native_invoker\ps3_debug\ps3ppuld.11056.read.1.tlog
c:\users\chris\desktop\ps3\sprx\my projects\menu base 1.1\gtav_native_invoker-master\gtav_native_invoker\ps3_debug\ps3ppuld.11056.write.1.tlog
c:\users\chris\desktop\ps3\sprx\my projects\menu base 1.1\gtav_native_invoker-master\gtav_native_invoker\ps3_debug\ps3ppuld.11332.read.1.tlog
c:\users\chris\desktop\ps3\sprx\my projects\menu base 1.1\gtav_native_invoker-master\gtav_native_invoker\ps3_debug\ps3ppuld.11332.write.1.tlog
c:\users\chris\desktop\ps3\sprx\my projects\menu base 1.1\gtav_native_invoker-master\gtav_native_invoker\ps3_debug\ps3ppuld.11480.read.1.tlog
c:\users\chris\desktop\ps3\sprx\my projects\menu base 1.1\gtav_native_invoker-master\gtav_native_invoker\ps3_debug\ps3ppuld.11480.write.1.tlog
c:\users\chris\desktop\ps3\sprx\my projects\menu base 1.1\gtav_native_invoker-master\gtav_native_invoker\ps3_debug\ps3ppuld.11732.read.1.tlog
c:\users\chris\desktop\ps3\sprx\my projects\menu base 1.1\gtav_native_invoker-master\gtav_native_invoker\ps3_debug\ps3ppuld.11732.write.1.tlog
c:\users\chris\desktop\ps3\sprx\my projects\menu base 1.1\gtav_native_invoker-master\gtav_native_invoker\ps3_debug\ps3ppuld.11896.read.1.tlog
c:\users\chris\desktop\ps3\sprx\my projects\menu base 1.1\gtav_native_invoker-master\gtav_native_invoker\ps3_debug\ps3ppuld.11896.write.1.tlog
c:\users\chris\desktop\ps3\sprx\my projects\menu base 1.1\gtav_native_invoker-master\gtav_native_invoker\ps3_debug\ps3ppuld.12292.read.1.tlog
c:\users\chris\desktop\ps3\sprx\my projects\menu base 1.1\gtav_native_invoker-master\gtav_native_invoker\ps3_debug\ps3ppuld.12292.write.1.tlog
c:\users\chris\desktop\ps3\sprx\my projects\menu base 1.1\gtav_native_invoker-master\gtav_native_invoker\ps3_debug\ps3ppuld.12296.read.1.tlog
c:\users\chris\desktop\ps3\sprx\my projects\menu base 1.1\gtav_native_invoker-master\gtav_native_invoker\ps3_debug\ps3ppuld.12296.write.1.tlog
c:\users\chris\desktop\ps3\sprx\my projects\menu base 1.1\gtav_native_invoker-master\gtav_native_invoker\ps3_debug\ps3ppuld.12964.read.1.tlog
c:\users\chris\desktop\ps3\sprx\my projects\menu base 1.1\gtav_native_invoker-master\gtav_native_invoker\ps3_debug\ps3ppuld.12964.write.1.tlog
c:\users\chris\desktop\ps3\sprx\my projects\menu base 1.1\gtav_native_invoker-master\gtav_native_invoker\ps3_debug\ps3ppuld.13096.read.1.tlog
c:\users\chris\desktop\ps3\sprx\my projects\menu base 1.1\gtav_native_invoker-master\gtav_native_invoker\ps3_debug\ps3ppuld.13096.write.1.tlog
c:\users\chris\desktop\ps3\sprx\my projects\menu base 1.1\gtav_native_invoker-master\gtav_native_invoker\ps3_debug\ps3ppuld.13224.read.1.tlog
c:\users\chris\desktop\ps3\sprx\my projects\menu base 1.1\gtav_native_invoker-master\gtav_native_invoker\ps3_debug\ps3ppuld.13224.write.1.tlog
c:\users\chris\desktop\ps3\sprx\my projects\menu base 1.1\gtav_native_invoker-master\gtav_native_invoker\ps3_debug\ps3ppuld.13524.read.1.tlog
c:\users\chris\desktop\ps3\sprx\my projects\menu base 1.1\gtav_native_invoker-master\gtav_native_invoker\ps3_debug\ps3ppuld.13524.write.1.tlog
c:\users\chris\desktop\ps3\sprx\my projects\menu base 1.1\gtav_native_invoker-master\gtav_native_invoker\ps3_debug\ps3ppuld.13648.read.1.tlog
c:\users\chris\desktop\ps3\sprx\my projects\menu base 1.1\gtav_native_invoker-master\gtav_native_invoker\ps3_debug\ps3ppuld.13648.write.1.tlog
c:\users\chris\desktop\ps3\sprx\my projects\menu base 1.1\gtav_native_invoker-master\gtav_native_invoker\ps3_debug\ps3ppuld.1376.read.1.tlog
c:\users\chris\desktop\ps3\sprx\my projects\menu base 1.1\gtav_native_invoker-master\gtav_native_invoker\ps3_debug\ps3ppuld.1376.write.1.tlog
c:\users\chris\desktop\ps3\sprx\my projects\menu base 1.1\gtav_native_invoker-master\gtav_native_invoker\ps3_debug\ps3ppuld.13772.read.1.tlog
c:\users\chris\desktop\ps3\sprx\my projects\menu base 1.1\gtav_native_invoker-master\gtav_native_invoker\ps3_debug\ps3ppuld.13772.write.1.tlog
c:\users\chris\desktop\ps3\sprx\my projects\menu base 1.1\gtav_native_invoker-master\gtav_native_invoker\ps3_debug\ps3ppuld.13792.read.1.tlog
c:\users\chris\desktop\ps3\sprx\my projects\menu base 1.1\gtav_native_invoker-master\gtav_native_invoker\ps3_debug\ps3ppuld.13792.write.1.tlog
c:\users\chris\desktop\ps3\sprx\my projects\menu base 1.1\gtav_native_invoker-master\gtav_native_invoker\ps3_debug\ps3ppuld.1392.read.1.tlog
c:\users\chris\desktop\ps3\sprx\my projects\menu base 1.1\gtav_native_invoker-master\gtav_native_invoker\ps3_debug\ps3ppuld.1392.write.1.tlog
c:\users\chris\desktop\ps3\sprx\my projects\menu base 1.1\gtav_native_invoker-master\gtav_native_invoker\ps3_debug\ps3ppuld.14124.read.1.tlog
c:\users\chris\desktop\ps3\sprx\my projects\menu base 1.1\gtav_native_invoker-master\gtav_native_invoker\ps3_debug\ps3ppuld.14124.write.1.tlog
c:\users\chris\desktop\ps3\sprx\my projects\menu base 1.1\gtav_native_invoker-master\gtav_native_invoker\ps3_debug\ps3ppuld.14140.read.1.tlog
c:\users\chris\desktop\ps3\sprx\my projects\menu base 1.1\gtav_native_invoker-master\gtav_native_invoker\ps3_debug\ps3ppuld.14140.write.1.tlog
c:\users\chris\desktop\ps3\sprx\my projects\menu base 1.1\gtav_native_invoker-master\gtav_native_invoker\ps3_debug\ps3ppuld.15184.read.1.tlog
c:\users\chris\desktop\ps3\sprx\my projects\menu base 1.1\gtav_native_invoker-master\gtav_native_invoker\ps3_debug\ps3ppuld.15184.write.1.tlog
c:\users\chris\desktop\ps3\sprx\my projects\menu base 1.1\gtav_native_invoker-master\gtav_native_invoker\ps3_debug\ps3ppuld.15316.read.1.tlog
c:\users\chris\desktop\ps3\sprx\my projects\menu base 1.1\gtav_native_invoker-master\gtav_native_invoker\ps3_debug\ps3ppuld.15316.write.1.tlog
c:\users\chris\desktop\ps3\sprx\my projects\menu base 1.1\gtav_native_invoker-master\gtav_native_invoker\ps3_debug\ps3ppuld.1612.read.1.tlog
c:\users\chris\desktop\ps3\sprx\my projects\menu base 1.1\gtav_native_invoker-master\gtav_native_invoker\ps3_debug\ps3ppuld.1612.write.1.tlog
c:\users\chris\desktop\ps3\sprx\my projects\menu base 1.1\gtav_native_invoker-master\gtav_native_invoker\ps3_debug\ps3ppuld.16200.read.1.tlog
c:\users\chris\desktop\ps3\sprx\my projects\menu base 1.1\gtav_native_invoker-master\gtav_native_invoker\ps3_debug\ps3ppuld.16200.write.1.tlog
c:\users\chris\desktop\ps3\sprx\my projects\menu base 1.1\gtav_native_invoker-master\gtav_native_invoker\ps3_debug\ps3ppuld.16268.read.1.tlog
c:\users\chris\desktop\ps3\sprx\my projects\menu base 1.1\gtav_native_invoker-master\gtav_native_invoker\ps3_debug\ps3ppuld.16268.write.1.tlog
c:\users\chris\desktop\ps3\sprx\my projects\menu base 1.1\gtav_native_invoker-master\gtav_native_invoker\ps3_debug\ps3ppuld.16864.read.1.tlog
c:\users\chris\desktop\ps3\sprx\my projects\menu base 1.1\gtav_native_invoker-master\gtav_native_invoker\ps3_debug\ps3ppuld.16864.write.1.tlog
c:\users\chris\desktop\ps3\sprx\my projects\menu base 1.1\gtav_native_invoker-master\gtav_native_invoker\ps3_debug\ps3ppuld.16904.read.1.tlog
c:\users\chris\desktop\ps3\sprx\my projects\menu base 1.1\gtav_native_invoker-master\gtav_native_invoker\ps3_debug\ps3ppuld.16904.write.1.tlog
c:\users\chris\desktop\ps3\sprx\my projects\menu base 1.1\gtav_native_invoker-master\gtav_native_invoker\ps3_debug\ps3ppuld.17012.read.1.tlog
c:\users\chris\desktop\ps3\sprx\my projects\menu base 1.1\gtav_native_invoker-master\gtav_native_invoker\ps3_debug\ps3ppuld.17012.write.1.tlog
c:\users\chris\desktop\ps3\sprx\my projects\menu base 1.1\gtav_native_invoker-master\gtav_native_invoker\ps3_debug\ps3ppuld.19080.read.1.tlog
c:\users\chris\desktop\ps3\sprx\my projects\menu base 1.1\gtav_native_invoker-master\gtav_native_invoker\ps3_debug\ps3ppuld.19080.write.1.tlog
c:\users\chris\desktop\ps3\sprx\my projects\menu base 1.1\gtav_native_invoker-master\gtav_native_invoker\ps3_debug\ps3ppuld.19140.read.1.tlog
c:\users\chris\desktop\ps3\sprx\my projects\menu base 1.1\gtav_native_invoker-master\gtav_native_invoker\ps3_debug\ps3ppuld.19140.write.1.tlog
c:\users\chris\desktop\ps3\sprx\my projects\menu base 1.1\gtav_native_invoker-master\gtav_native_invoker\ps3_debug\ps3ppuld.19392.read.1.tlog
c:\users\chris\desktop\ps3\sprx\my projects\menu base 1.1\gtav_native_invoker-master\gtav_native_invoker\ps3_debug\ps3ppuld.19392.write.1.tlog
c:\users\chris\desktop\ps3\sprx\my projects\menu base 1.1\gtav_native_invoker-master\gtav_native_invoker\ps3_debug\ps3ppuld.204.read.1.tlog
c:\users\chris\desktop\ps3\sprx\my projects\menu base 1.1\gtav_native_invoker-master\gtav_native_invoker\ps3_debug\ps3ppuld.204.write.1.tlog
c:\users\chris\desktop\ps3\sprx\my projects\menu base 1.1\gtav_native_invoker-master\gtav_native_invoker\ps3_debug\ps3ppuld.2088.read.1.tlog
c:\users\chris\desktop\ps3\sprx\my projects\menu base 1.1\gtav_native_invoker-master\gtav_native_invoker\ps3_debug\ps3ppuld.2088.write.1.tlog
c:\users\chris\desktop\ps3\sprx\my projects\menu base 1.1\gtav_native_invoker-master\gtav_native_invoker\ps3_debug\ps3ppuld.25912.read.1.tlog
c:\users\chris\desktop\ps3\sprx\my projects\menu base 1.1\gtav_native_invoker-master\gtav_native_invoker\ps3_debug\ps3ppuld.25912.write.1.tlog
c:\users\chris\desktop\ps3\sprx\my projects\menu base 1.1\gtav_native_invoker-master\gtav_native_invoker\ps3_debug\ps3ppuld.26712.read.1.tlog
c:\users\chris\desktop\ps3\sprx\my projects\menu base 1.1\gtav_native_invoker-master\gtav_native_invoker\ps3_debug\ps3ppuld.26712.write.1.tlog
c:\users\chris\desktop\ps3\sprx\my projects\menu base 1.1\gtav_native_invoker-master\gtav_native_invoker\ps3_debug\ps3ppuld.2996.read.1.tlog
c:\users\chris\desktop\ps3\sprx\my projects\menu base 1.1\gtav_native_invoker-master\gtav_native_invoker\ps3_debug\ps3ppuld.2996.write.1.tlog
c:\users\chris\desktop\ps3\sprx\my projects\menu base 1.1\gtav_native_invoker-master\gtav_native_invoker\ps3_debug\ps3ppuld.30600.read.1.tlog
c:\users\chris\desktop\ps3\sprx\my projects\menu base 1.1\gtav_native_invoker-master\gtav_native_invoker\ps3_debug\ps3ppuld.30600.write.1.tlog
c:\users\chris\desktop\ps3\sprx\my projects\menu base 1.1\gtav_native_invoker-master\gtav_native_invoker\ps3_debug\ps3ppuld.3100.read.1.tlog
c:\users\chris\desktop\ps3\sprx\my projects\menu base 1.1\gtav_native_invoker-master\gtav_native_invoker\ps3_debug\ps3ppuld.3100.write.1.tlog
c:\users\chris\desktop\ps3\sprx\my projects\menu base 1.1\gtav_native_invoker-master\gtav_native_invoker\ps3_debug\ps3ppuld.32516.read.1.tlog
c:\users\chris\desktop\ps3\sprx\my projects\menu base 1.1\gtav_native_invoker-master\gtav_native_invoker\ps3_debug\ps3ppuld.32516.write.1.tlog
c:\users\chris\desktop\ps3\sprx\my projects\menu base 1.1\gtav_native_invoker-master\gtav_native_invoker\ps3_debug\ps3ppuld.33904.read.1.tlog
c:\users\chris\desktop\ps3\sprx\my projects\menu base 1.1\gtav_native_invoker-master\gtav_native_invoker\ps3_debug\ps3ppuld.33904.write.1.tlog
c:\users\chris\desktop\ps3\sprx\my projects\menu base 1.1\gtav_native_invoker-master\gtav_native_invoker\ps3_debug\ps3ppuld.34556.read.1.tlog
c:\users\chris\desktop\ps3\sprx\my projects\menu base 1.1\gtav_native_invoker-master\gtav_native_invoker\ps3_debug\ps3ppuld.34556.write.1.tlog
c:\users\chris\desktop\ps3\sprx\my projects\menu base 1.1\gtav_native_invoker-master\gtav_native_invoker\ps3_debug\ps3ppuld.34948.read.1.tlog
c:\users\chris\desktop\ps3\sprx\my projects\menu base 1.1\gtav_native_invoker-master\gtav_native_invoker\ps3_debug\ps3ppuld.34948.write.1.tlog
c:\users\chris\desktop\ps3\sprx\my projects\menu base 1.1\gtav_native_invoker-master\gtav_native_invoker\ps3_debug\ps3ppuld.35396.read.1.tlog
c:\users\chris\desktop\ps3\sprx\my projects\menu base 1.1\gtav_native_invoker-master\gtav_native_invoker\ps3_debug\ps3ppuld.35396.write.1.tlog
c:\users\chris\desktop\ps3\sprx\my projects\menu base 1.1\gtav_native_invoker-master\gtav_native_invoker\ps3_debug\ps3ppuld.3556.read.1.tlog
c:\users\chris\desktop\ps3\sprx\my projects\menu base 1.1\gtav_native_invoker-master\gtav_native_invoker\ps3_debug\ps3ppuld.3556.write.1.tlog
c:\users\chris\desktop\ps3\sprx\my projects\menu base 1.1\gtav_native_invoker-master\gtav_native_invoker\ps3_debug\ps3ppuld.35808.read.1.tlog
c:\users\chris\desktop\ps3\sprx\my projects\menu base 1.1\gtav_native_invoker-master\gtav_native_invoker\ps3_debug\ps3ppuld.35808.write.1.tlog
c:\users\chris\desktop\ps3\sprx\my projects\menu base 1.1\gtav_native_invoker-master\gtav_native_invoker\ps3_debug\ps3ppuld.35956.read.1.tlog
c:\users\chris\desktop\ps3\sprx\my projects\menu base 1.1\gtav_native_invoker-master\gtav_native_invoker\ps3_debug\ps3ppuld.35956.write.1.tlog
c:\users\chris\desktop\ps3\sprx\my projects\menu base 1.1\gtav_native_invoker-master\gtav_native_invoker\ps3_debug\ps3ppuld.36076.read.1.tlog
c:\users\chris\desktop\ps3\sprx\my projects\menu base 1.1\gtav_native_invoker-master\gtav_native_invoker\ps3_debug\ps3ppuld.36076.write.1.tlog
c:\users\chris\desktop\ps3\sprx\my projects\menu base 1.1\gtav_native_invoker-master\gtav_native_invoker\ps3_debug\ps3ppuld.37164.read.1.tlog
c:\users\chris\desktop\ps3\sprx\my projects\menu base 1.1\gtav_native_invoker-master\gtav_native_invoker\ps3_debug\ps3ppuld.37164.write.1.tlog
c:\users\chris\desktop\ps3\sprx\my projects\menu base 1.1\gtav_native_invoker-master\gtav_native_invoker\ps3_debug\ps3ppuld.37208.read.1.tlog
c:\users\chris\desktop\ps3\sprx\my projects\menu base 1.1\gtav_native_invoker-master\gtav_native_invoker\ps3_debug\ps3ppuld.37208.write.1.tlog
c:\users\chris\desktop\ps3\sprx\my projects\menu base 1.1\gtav_native_invoker-master\gtav_native_invoker\ps3_debug\ps3ppuld.3732.read.1.tlog
c:\users\chris\desktop\ps3\sprx\my projects\menu base 1.1\gtav_native_invoker-master\gtav_native_invoker\ps3_debug\ps3ppuld.3732.write.1.tlog
c:\users\chris\desktop\ps3\sprx\my projects\menu base 1.1\gtav_native_invoker-master\gtav_native_invoker\ps3_debug\ps3ppuld.37504.read.1.tlog
c:\users\chris\desktop\ps3\sprx\my projects\menu base 1.1\gtav_native_invoker-master\gtav_native_invoker\ps3_debug\ps3ppuld.37504.write.1.tlog
c:\users\chris\desktop\ps3\sprx\my projects\menu base 1.1\gtav_native_invoker-master\gtav_native_invoker\ps3_debug\ps3ppuld.37572.read.1.tlog
c:\users\chris\desktop\ps3\sprx\my projects\menu base 1.1\gtav_native_invoker-master\gtav_native_invoker\ps3_debug\ps3ppuld.37572.write.1.tlog
c:\users\chris\desktop\ps3\sprx\my projects\menu base 1.1\gtav_native_invoker-master\gtav_native_invoker\ps3_debug\ps3ppuld.37716.read.1.tlog
c:\users\chris\desktop\ps3\sprx\my projects\menu base 1.1\gtav_native_invoker-master\gtav_native_invoker\ps3_debug\ps3ppuld.37716.write.1.tlog
c:\users\chris\desktop\ps3\sprx\my projects\menu base 1.1\gtav_native_invoker-master\gtav_native_invoker\ps3_debug\ps3ppuld.37736.read.1.tlog
c:\users\chris\desktop\ps3\sprx\my projects\menu base 1.1\gtav_native_invoker-master\gtav_native_invoker\ps3_debug\ps3ppuld.37736.write.1.tlog
c:\users\chris\desktop\ps3\sprx\my projects\menu base 1.1\gtav_native_invoker-master\gtav_native_invoker\ps3_debug\ps3ppuld.37764.read.1.tlog
c:\users\chris\desktop\ps3\sprx\my projects\menu base 1.1\gtav_native_invoker-master\gtav_native_invoker\ps3_debug\ps3ppuld.37764.write.1.tlog
c:\users\chris\desktop\ps3\sprx\my projects\menu base 1.1\gtav_native_invoker-master\gtav_native_invoker\ps3_debug\ps3ppuld.3796.read.1.tlog
c:\users\chris\desktop\ps3\sprx\my projects\menu base 1.1\gtav_native_invoker-master\gtav_native_invoker\ps3_debug\ps3ppuld.3796.write.1.tlog
c:\users\chris\desktop\ps3\sprx\my projects\menu base 1.1\gtav_native_invoker-master\gtav_native_invoker\ps3_debug\ps3ppuld.38100.read.1.tlog
c:\users\chris\desktop\ps3\sprx\my projects\menu base 1.1\gtav_native_invoker-master\gtav_native_invoker\ps3_debug\ps3ppuld.38100.write.1.tlog
c:\users\chris\desktop\ps3\sprx\my projects\menu base 1.1\gtav_native_invoker-master\gtav_native_invoker\ps3_debug\ps3ppuld.39024.read.1.tlog
c:\users\chris\desktop\ps3\sprx\my projects\menu base 1.1\gtav_native_invoker-master\gtav_native_invoker\ps3_debug\ps3ppuld.39024.write.1.tlog
c:\users\chris\desktop\ps3\sprx\my projects\menu base 1.1\gtav_native_invoker-master\gtav_native_invoker\ps3_debug\ps3ppuld.39424.read.1.tlog
c:\users\chris\desktop\ps3\sprx\my projects\menu base 1.1\gtav_native_invoker-master\gtav_native_invoker\ps3_debug\ps3ppuld.39424.write.1.tlog
c:\users\chris\desktop\ps3\sprx\my projects\menu base 1.1\gtav_native_invoker-master\gtav_native_invoker\ps3_debug\ps3ppuld.40232.read.1.tlog
c:\users\chris\desktop\ps3\sprx\my projects\menu base 1.1\gtav_native_invoker-master\gtav_native_invoker\ps3_debug\ps3ppuld.40232.write.1.tlog
c:\users\chris\desktop\ps3\sprx\my projects\menu base 1.1\gtav_native_invoker-master\gtav_native_invoker\ps3_debug\ps3ppuld.4080.read.1.tlog
c:\users\chris\desktop\ps3\sprx\my projects\menu base 1.1\gtav_native_invoker-master\gtav_native_invoker\ps3_debug\ps3ppuld.4080.write.1.tlog
c:\users\chris\desktop\ps3\sprx\my projects\menu base 1.1\gtav_native_invoker-master\gtav_native_invoker\ps3_debug\ps3ppuld.4108.read.1.tlog
c:\users\chris\desktop\ps3\sprx\my projects\menu base 1.1\gtav_native_invoker-master\gtav_native_invoker\ps3_debug\ps3ppuld.4108.write.1.tlog
c:\users\chris\desktop\ps3\sprx\my projects\menu base 1.1\gtav_native_invoker-master\gtav_native_invoker\ps3_debug\ps3ppuld.41480.read.1.tlog
c:\users\chris\desktop\ps3\sprx\my projects\menu base 1.1\gtav_native_invoker-master\gtav_native_invoker\ps3_debug\ps3ppuld.41480.write.1.tlog
c:\users\chris\desktop\ps3\sprx\my projects\menu base 1.1\gtav_native_invoker-master\gtav_native_invoker\ps3_debug\ps3ppuld.4184.read.1.tlog
c:\users\chris\desktop\ps3\sprx\my projects\menu base 1.1\gtav_native_invoker-master\gtav_native_invoker\ps3_debug\ps3ppuld.4184.write.1.tlog
c:\users\chris\desktop\ps3\sprx\my projects\menu base 1.1\gtav_native_invoker-master\gtav_native_invoker\ps3_debug\ps3ppuld.42868.read.1.tlog
c:\users\chris\desktop\ps3\sprx\my projects\menu base 1.1\gtav_native_invoker-master\gtav_native_invoker\ps3_debug\ps3ppuld.42868.write.1.tlog
c:\users\chris\desktop\ps3\sprx\my projects\menu base 1.1\gtav_native_invoker-master\gtav_native_invoker\ps3_debug\ps3ppuld.4348.read.1.tlog
c:\users\chris\desktop\ps3\sprx\my projects\menu base 1.1\gtav_native_invoker-master\gtav_native_invoker\ps3_debug\ps3ppuld.4348.write.1.tlog
c:\users\chris\desktop\ps3\sprx\my projects\menu base 1.1\gtav_native_invoker-master\gtav_native_invoker\ps3_debug\ps3ppuld.4392.read.1.tlog
c:\users\chris\desktop\ps3\sprx\my projects\menu base 1.1\gtav_native_invoker-master\gtav_native_invoker\ps3_debug\ps3ppuld.4392.write.1.tlog
c:\users\chris\desktop\ps3\sprx\my projects\menu base 1.1\gtav_native_invoker-master\gtav_native_invoker\ps3_debug\ps3ppuld.44860.read.1.tlog
c:\users\chris\desktop\ps3\sprx\my projects\menu base 1.1\gtav_native_invoker-master\gtav_native_invoker\ps3_debug\ps3ppuld.44860.write.1.tlog
c:\users\chris\desktop\ps3\sprx\my projects\menu base 1.1\gtav_native_invoker-master\gtav_native_invoker\ps3_debug\ps3ppuld.45252.read.1.tlog
c:\users\chris\desktop\ps3\sprx\my projects\menu base 1.1\gtav_native_invoker-master\gtav_native_invoker\ps3_debug\ps3ppuld.45252.write.1.tlog
c:\users\chris\desktop\ps3\sprx\my projects\menu base 1.1\gtav_native_invoker-master\gtav_native_invoker\ps3_debug\ps3ppuld.4624.read.1.tlog
c:\users\chris\desktop\ps3\sprx\my projects\menu base 1.1\gtav_native_invoker-master\gtav_native_invoker\ps3_debug\ps3ppuld.4624.write.1.tlog
c:\users\chris\desktop\ps3\sprx\my projects\menu base 1.1\gtav_native_invoker-master\gtav_native_invoker\ps3_debug\ps3ppuld.4660.read.1.tlog
c:\users\chris\desktop\ps3\sprx\my projects\menu base 1.1\gtav_native_invoker-master\gtav_native_invoker\ps3_debug\ps3ppuld.4660.write.1.tlog
c:\users\chris\desktop\ps3\sprx\my projects\menu base 1.1\gtav_native_invoker-master\gtav_native_invoker\ps3_debug\ps3ppuld.4696.read.1.tlog
c:\users\chris\desktop\ps3\sprx\my projects\menu base 1.1\gtav_native_invoker-master\gtav_native_invoker\ps3_debug\ps3ppuld.4696.write.1.tlog
c:\users\chris\desktop\ps3\sprx\my projects\menu base 1.1\gtav_native_invoker-master\gtav_native_invoker\ps3_debug\ps3ppuld.47948.read.1.tlog
c:\users\chris\desktop\ps3\sprx\my projects\menu base 1.1\gtav_native_invoker-master\gtav_native_invoker\ps3_debug\ps3ppuld.47948.write.1.tlog
c:\users\chris\desktop\ps3\sprx\my projects\menu base 1.1\gtav_native_invoker-master\gtav_native_invoker\ps3_debug\ps3ppuld.48752.read.1.tlog
c:\users\chris\desktop\ps3\sprx\my projects\menu base 1.1\gtav_native_invoker-master\gtav_native_invoker\ps3_debug\ps3ppuld.48752.write.1.tlog
c:\users\chris\desktop\ps3\sprx\my projects\menu base 1.1\gtav_native_invoker-master\gtav_native_invoker\ps3_debug\ps3ppuld.4880.read.1.tlog
c:\users\chris\desktop\ps3\sprx\my projects\menu base 1.1\gtav_native_invoker-master\gtav_native_invoker\ps3_debug\ps3ppuld.4880.write.1.tlog
c:\users\chris\desktop\ps3\sprx\my projects\menu base 1.1\gtav_native_invoker-master\gtav_native_invoker\ps3_debug\ps3ppuld.4988.read.1.tlog
c:\users\chris\desktop\ps3\sprx\my projects\menu base 1.1\gtav_native_invoker-master\gtav_native_invoker\ps3_debug\ps3ppuld.4988.write.1.tlog
c:\users\chris\desktop\ps3\sprx\my projects\menu base 1.1\gtav_native_invoker-master\gtav_native_invoker\ps3_debug\ps3ppuld.5284.read.1.tlog
c:\users\chris\desktop\ps3\sprx\my projects\menu base 1.1\gtav_native_invoker-master\gtav_native_invoker\ps3_debug\ps3ppuld.5284.write.1.tlog
c:\users\chris\desktop\ps3\sprx\my projects\menu base 1.1\gtav_native_invoker-master\gtav_native_invoker\ps3_debug\ps3ppuld.5528.read.1.tlog
c:\users\chris\desktop\ps3\sprx\my projects\menu base 1.1\gtav_native_invoker-master\gtav_native_invoker\ps3_debug\ps3ppuld.5528.write.1.tlog
c:\users\chris\desktop\ps3\sprx\my projects\menu base 1.1\gtav_native_invoker-master\gtav_native_invoker\ps3_debug\ps3ppuld.6060.read.1.tlog
c:\users\chris\desktop\ps3\sprx\my projects\menu base 1.1\gtav_native_invoker-master\gtav_native_invoker\ps3_debug\ps3ppuld.6060.write.1.tlog
c:\users\chris\desktop\ps3\sprx\my projects\menu base 1.1\gtav_native_invoker-master\gtav_native_invoker\ps3_debug\ps3ppuld.6108.read.1.tlog
c:\users\chris\desktop\ps3\sprx\my projects\menu base 1.1\gtav_native_invoker-master\gtav_native_invoker\ps3_debug\ps3ppuld.6108.write.1.tlog
c:\users\chris\desktop\ps3\sprx\my projects\menu base 1.1\gtav_native_invoker-master\gtav_native_invoker\ps3_debug\ps3ppuld.6404.read.1.tlog
c:\users\chris\desktop\ps3\sprx\my projects\menu base 1.1\gtav_native_invoker-master\gtav_native_invoker\ps3_debug\ps3ppuld.6404.write.1.tlog
c:\users\chris\desktop\ps3\sprx\my projects\menu base 1.1\gtav_native_invoker-master\gtav_native_invoker\ps3_debug\ps3ppuld.6492.read.1.tlog
c:\users\chris\desktop\ps3\sprx\my projects\menu base 1.1\gtav_native_invoker-master\gtav_native_invoker\ps3_debug\ps3ppuld.6492.write.1.tlog
c:\users\chris\desktop\ps3\sprx\my projects\menu base 1.1\gtav_native_invoker-master\gtav_native_invoker\ps3_debug\ps3ppuld.6524.read.1.tlog
c:\users\chris\desktop\ps3\sprx\my projects\menu base 1.1\gtav_native_invoker-master\gtav_native_invoker\ps3_debug\ps3ppuld.6524.write.1.tlog
c:\users\chris\desktop\ps3\sprx\my projects\menu base 1.1\gtav_native_invoker-master\gtav_native_invoker\ps3_debug\ps3ppuld.66176.read.1.tlog
c:\users\chris\desktop\ps3\sprx\my projects\menu base 1.1\gtav_native_invoker-master\gtav_native_invoker\ps3_debug\ps3ppuld.66176.write.1.tlog
c:\users\chris\desktop\ps3\sprx\my projects\menu base 1.1\gtav_native_invoker-master\gtav_native_invoker\ps3_debug\ps3ppuld.6696.read.1.tlog
c:\users\chris\desktop\ps3\sprx\my projects\menu base 1.1\gtav_native_invoker-master\gtav_native_invoker\ps3_debug\ps3ppuld.6696.write.1.tlog
c:\users\chris\desktop\ps3\sprx\my projects\menu base 1.1\gtav_native_invoker-master\gtav_native_invoker\ps3_debug\ps3ppuld.6844.read.1.tlog
c:\users\chris\desktop\ps3\sprx\my projects\menu base 1.1\gtav_native_invoker-master\gtav_native_invoker\ps3_debug\ps3ppuld.6844.write.1.tlog
c:\users\chris\desktop\ps3\sprx\my projects\menu base 1.1\gtav_native_invoker-master\gtav_native_invoker\ps3_debug\ps3ppuld.7568.read.1.tlog
c:\users\chris\desktop\ps3\sprx\my projects\menu base 1.1\gtav_native_invoker-master\gtav_native_invoker\ps3_debug\ps3ppuld.7568.write.1.tlog
c:\users\chris\desktop\ps3\sprx\my projects\menu base 1.1\gtav_native_invoker-master\gtav_native_invoker\ps3_debug\ps3ppuld.7592.read.1.tlog
c:\users\chris\desktop\ps3\sprx\my projects\menu base 1.1\gtav_native_invoker-master\gtav_native_invoker\ps3_debug\ps3ppuld.7592.write.1.tlog
c:\users\chris\desktop\ps3\sprx\my projects\menu base 1.1\gtav_native_invoker-master\gtav_native_invoker\ps3_debug\ps3ppuld.76520.read.1.tlog
c:\users\chris\desktop\ps3\sprx\my projects\menu base 1.1\gtav_native_invoker-master\gtav_native_invoker\ps3_debug\ps3ppuld.76520.write.1.tlog
c:\users\chris\desktop\ps3\sprx\my projects\menu base 1.1\gtav_native_invoker-master\gtav_native_invoker\ps3_debug\ps3ppuld.8228.read.1.tlog
c:\users\chris\desktop\ps3\sprx\my projects\menu base 1.1\gtav_native_invoker-master\gtav_native_invoker\ps3_debug\ps3ppuld.8228.write.1.tlog
c:\users\chris\desktop\ps3\sprx\my projects\menu base 1.1\gtav_native_invoker-master\gtav_native_invoker\ps3_debug\ps3ppuld.8436.read.1.tlog
c:\users\chris\desktop\ps3\sprx\my projects\menu base 1.1\gtav_native_invoker-master\gtav_native_invoker\ps3_debug\ps3ppuld.8436.write.1.tlog
c:\users\chris\desktop\ps3\sprx\my projects\menu base 1.1\gtav_native_invoker-master\gtav_native_invoker\ps3_debug\ps3ppuld.9236.read.1.tlog
c:\users\chris\desktop\ps3\sprx\my projects\menu base 1.1\gtav_native_invoker-master\gtav_native_invoker\ps3_debug\ps3ppuld.9236.write.1.tlog
c:\users\chris\desktop\ps3\sprx\my projects\menu base 1.1\gtav_native_invoker-master\gtav_native_invoker\ps3_debug\ps3ppuld.9288.read.1.tlog
c:\users\chris\desktop\ps3\sprx\my projects\menu base 1.1\gtav_native_invoker-master\gtav_native_invoker\ps3_debug\ps3ppuld.9288.write.1.tlog
c:\users\chris\desktop\ps3\sprx\my projects\menu base 1.1\gtav_native_invoker-master\gtav_native_invoker\ps3_debug\ps3ppuld.9800.read.1.tlog
c:\users\chris\desktop\ps3\sprx\my projects\menu base 1.1\gtav_native_invoker-master\gtav_native_invoker\ps3_debug\ps3ppuld.9800.write.1.tlog
c:\users\chris\desktop\ps3\sprx\my projects\menu base 1.1\gtav_native_invoker-master\gtav_native_invoker\ps3_debug\ps3ppuld.command.1.tlog
c:\users\chris\desktop\ps3\sprx\my projects\menu base 1.1\gtav_native_invoker-master\gtav_native_invoker\ps3_debug\ps3ppuld.read.1.tlog
c:\users\chris\desktop\ps3\sprx\my projects\menu base 1.1\gtav_native_invoker-master\gtav_native_invoker\ps3_debug\ps3ppuld.write.1.tlog
c:\users\chris\desktop\ps3\sprx\my projects\menu base 1.1\gtav_native_invoker-master\gtav_native_invoker\ps3_debug\ps3ppusnc.command.1.tlog
c:\users\chris\desktop\ps3\sprx\my projects\menu base 1.1\gtav_native_invoker-master\gtav_native_invoker\ps3_debug\ps3ppusnc.read.1.tlog
c:\users\chris\desktop\ps3\sprx\my projects\menu base 1.1\gtav_native_invoker-master\gtav_native_invoker\ps3_debug\ps3ppusnc.write.1.tlog
